<?xml version="1.0" encoding="UTF-8"?>
<!-- Generated by org.testng.reporters.JUnitReportReporter -->
<testsuite skipped="0" hostname="AmirPC" name="com.crm.qa.testcases.LoginPageTest" tests="2" failures="0" timestamp="03 Jun 2020 06:25:41 GMT" time="32.007" errors="0">
  <testcase name="crmLogoImageTest" time="12.918" classname="com.crm.qa.testcases.LoginPageTest"/>
  <testcase name="loginTest" time="19.089" classname="com.crm.qa.testcases.LoginPageTest"/>
</testsuite> <!-- com.crm.qa.testcases.LoginPageTest -->
