<?xml version="1.0" encoding="UTF-8"?>
<!-- Generated by org.testng.reporters.JUnitReportReporter -->
<testsuite skipped="0" hostname="khawer-HP-ProBook-6470b" name="com.crm.qa.testcases.LoginPageTest" tests="2" failures="0" timestamp="03 Jun 2020 08:14:20 GMT" time="33.862" errors="0">
  <testcase name="crmLogoImageTest" time="17.642" classname="com.crm.qa.testcases.LoginPageTest"/>
  <testcase name="loginTest" time="16.220" classname="com.crm.qa.testcases.LoginPageTest"/>
</testsuite> <!-- com.crm.qa.testcases.LoginPageTest -->
